{"D:\\projects\\programming\\nestjs\\fantasy_eats_frontend_3\\src\\components\\app.tsx": {"path":"D:\\projects\\programming\\nestjs\\fantasy_eats_frontend_3\\src\\components\\app.tsx","statementMap":{"0":{"start":{"line":1,"column":0},"end":{"line":1,"column":47}},"1":{"start":{"line":2,"column":0},"end":{"line":2,"column":41}},"2":{"start":{"line":3,"column":0},"end":{"line":3,"column":60}},"3":{"start":{"line":4,"column":0},"end":{"line":4,"column":62}},"4":{"start":{"line":6,"column":19},"end":{"line":9,"column":1}},"5":{"start":{"line":7,"column":23},"end":{"line":7,"column":52}},"6":{"start":{"line":8,"column":4},"end":{"line":8,"column":null}},"7":{"start":{"line":6,"column":13},"end":{"line":6,"column":19}},"8":{"start":{"line":11,"column":0},"end":{"line":11,"column":null}}},"fnMap":{"0":{"name":"(anonymous_0)","decl":{"start":{"line":6,"column":19},"end":{"line":6,"column":22}},"loc":{"start":{"line":6,"column":24},"end":{"line":9,"column":1}}}},"branchMap":{"0":{"loc":{"start":{"line":8,"column":11},"end":{"line":8,"column":64}},"type":"cond-expr","locations":[{"start":{"line":8,"column":24},"end":{"line":8,"column":42}},{"start":{"line":8,"column":45},"end":{"line":8,"column":64}}]}},"s":{"0":1,"1":1,"2":1,"3":1,"4":1,"5":1,"6":1,"7":1,"8":1},"f":{"0":1},"b":{"0":[0,1]}}
,"D:\\projects\\programming\\nestjs\\fantasy_eats_frontend_3\\src\\components\\button.tsx": {"path":"D:\\projects\\programming\\nestjs\\fantasy_eats_frontend_3\\src\\components\\button.tsx","statementMap":{"0":{"start":{"line":1,"column":0},"end":{"line":1,"column":25}},"1":{"start":{"line":9,"column":46},"end":{"line":23,"column":null}},"2":{"start":{"line":14,"column":4},"end":{"line":22,"column":null}},"3":{"start":{"line":9,"column":13},"end":{"line":9,"column":46}}},"fnMap":{"0":{"name":"(anonymous_1)","decl":{"start":{"line":9,"column":46},"end":{"line":9,"column":47}},"loc":{"start":{"line":14,"column":4},"end":{"line":22,"column":null}}}},"branchMap":{"0":{"loc":{"start":{"line":17,"column":12},"end":{"line":19,"column":null}},"type":"cond-expr","locations":[{"start":{"line":18,"column":18},"end":{"line":18,"column":49}},{"start":{"line":19,"column":18},"end":{"line":19,"column":null}}]},"1":{"loc":{"start":{"line":22,"column":9},"end":{"line":22,"column":44}},"type":"cond-expr","locations":[{"start":{"line":22,"column":19},"end":{"line":22,"column":31}},{"start":{"line":22,"column":34},"end":{"line":22,"column":44}}]}},"s":{"0":1,"1":1,"2":3,"3":1},"f":{"0":3},"b":{"0":[3,0],"1":[2,1]}}
,"D:\\projects\\programming\\nestjs\\fantasy_eats_frontend_3\\src\\components\\form-error.tsx": {"path":"D:\\projects\\programming\\nestjs\\fantasy_eats_frontend_3\\src\\components\\form-error.tsx","statementMap":{"0":{"start":{"line":1,"column":0},"end":{"line":1,"column":25}},"1":{"start":{"line":7,"column":52},"end":{"line":10,"column":null}},"2":{"start":{"line":8,"column":4},"end":{"line":9,"column":null}},"3":{"start":{"line":7,"column":13},"end":{"line":7,"column":52}}},"fnMap":{"0":{"name":"(anonymous_1)","decl":{"start":{"line":7,"column":52},"end":{"line":7,"column":53}},"loc":{"start":{"line":8,"column":4},"end":{"line":9,"column":null}}}},"branchMap":{},"s":{"0":0,"1":0,"2":0,"3":0},"f":{"0":0},"b":{}}
,"D:\\projects\\programming\\nestjs\\fantasy_eats_frontend_3\\src\\components\\header.tsx": {"path":"D:\\projects\\programming\\nestjs\\fantasy_eats_frontend_3\\src\\components\\header.tsx","statementMap":{"0":{"start":{"line":1,"column":0},"end":{"line":1,"column":58}},"1":{"start":{"line":2,"column":0},"end":{"line":2,"column":64}},"2":{"start":{"line":3,"column":0},"end":{"line":3,"column":39}},"3":{"start":{"line":4,"column":0},"end":{"line":4,"column":38}},"4":{"start":{"line":5,"column":0},"end":{"line":5,"column":51}},"5":{"start":{"line":11,"column":32},"end":{"line":39,"column":1}},"6":{"start":{"line":12,"column":21},"end":{"line":12,"column":28}},"7":{"start":{"line":13,"column":4},"end":{"line":38,"column":null}},"8":{"start":{"line":11,"column":13},"end":{"line":11,"column":32}}},"fnMap":{"0":{"name":"(anonymous_1)","decl":{"start":{"line":11,"column":32},"end":{"line":11,"column":35}},"loc":{"start":{"line":11,"column":37},"end":{"line":39,"column":1}}}},"branchMap":{"0":{"loc":{"start":{"line":15,"column":13},"end":{"line":18,"column":null}},"type":"binary-expr","locations":[{"start":{"line":15,"column":13},"end":{"line":15,"column":31}},{"start":{"line":16,"column":16},"end":{"line":17,"column":null}}]}},"s":{"0":0,"1":0,"2":0,"3":0,"4":0,"5":0,"6":0,"7":0,"8":0},"f":{"0":0},"b":{"0":[0,0]}}
,"D:\\projects\\programming\\nestjs\\fantasy_eats_frontend_3\\src\\components\\restaurant.tsx": {"path":"D:\\projects\\programming\\nestjs\\fantasy_eats_frontend_3\\src\\components\\restaurant.tsx","statementMap":{"0":{"start":{"line":1,"column":0},"end":{"line":1,"column":25}},"1":{"start":{"line":2,"column":0},"end":{"line":2,"column":39}},"2":{"start":{"line":11,"column":54},"end":{"line":28,"column":null}},"3":{"start":{"line":17,"column":4},"end":{"line":27,"column":null}},"4":{"start":{"line":11,"column":13},"end":{"line":11,"column":54}}},"fnMap":{"0":{"name":"(anonymous_1)","decl":{"start":{"line":11,"column":54},"end":{"line":11,"column":55}},"loc":{"start":{"line":17,"column":4},"end":{"line":27,"column":null}}}},"branchMap":{},"s":{"0":0,"1":0,"2":0,"3":0,"4":0},"f":{"0":0},"b":{}}
,"D:\\projects\\programming\\nestjs\\fantasy_eats_frontend_3\\src\\pages\\404.tsx": {"path":"D:\\projects\\programming\\nestjs\\fantasy_eats_frontend_3\\src\\pages\\404.tsx","statementMap":{"0":{"start":{"line":1,"column":0},"end":{"line":1,"column":25}},"1":{"start":{"line":3,"column":0},"end":{"line":3,"column":39}},"2":{"start":{"line":5,"column":24},"end":{"line":16,"column":null}},"3":{"start":{"line":6,"column":4},"end":{"line":15,"column":null}},"4":{"start":{"line":5,"column":13},"end":{"line":5,"column":24}}},"fnMap":{"0":{"name":"(anonymous_1)","decl":{"start":{"line":5,"column":24},"end":{"line":5,"column":27}},"loc":{"start":{"line":6,"column":4},"end":{"line":15,"column":null}}}},"branchMap":{},"s":{"0":0,"1":0,"2":0,"3":0,"4":0},"f":{"0":0},"b":{}}
,"D:\\projects\\programming\\nestjs\\fantasy_eats_frontend_3\\src\\pages\\create-account.tsx": {"path":"D:\\projects\\programming\\nestjs\\fantasy_eats_frontend_3\\src\\pages\\create-account.tsx","statementMap":{"0":{"start":{"line":1,"column":0},"end":{"line":1,"column":62}},"1":{"start":{"line":2,"column":0},"end":{"line":2,"column":41}},"2":{"start":{"line":3,"column":0},"end":{"line":3,"column":51}},"3":{"start":{"line":4,"column":0},"end":{"line":4,"column":45}},"4":{"start":{"line":5,"column":0},"end":{"line":5,"column":52}},"5":{"start":{"line":10,"column":0},"end":{"line":10,"column":55}},"6":{"start":{"line":18,"column":13},"end":{"line":25,"column":null}},"7":{"start":{"line":27,"column":29},"end":{"line":138,"column":1}},"8":{"start":{"line":29,"column":8},"end":{"line":34,"column":10}},"9":{"start":{"line":35,"column":23},"end":{"line":35,"column":32}},"10":{"start":{"line":37,"column":20},"end":{"line":37,"column":32}},"11":{"start":{"line":39,"column":24},"end":{"line":47,"column":5}},"12":{"start":{"line":42,"column":12},"end":{"line":42,"column":16}},"13":{"start":{"line":43,"column":8},"end":{"line":46,"column":9}},"14":{"start":{"line":44,"column":12},"end":{"line":44,"column":null}},"15":{"start":{"line":45,"column":12},"end":{"line":45,"column":null}},"16":{"start":{"line":52,"column":8},"end":{"line":54,"column":null}},"17":{"start":{"line":56,"column":21},"end":{"line":65,"column":5}},"18":{"start":{"line":57,"column":8},"end":{"line":64,"column":9}},"19":{"start":{"line":58,"column":46},"end":{"line":58,"column":57}},"20":{"start":{"line":59,"column":12},"end":{"line":63,"column":null}},"21":{"start":{"line":67,"column":4},"end":{"line":137,"column":null}},"22":{"start":{"line":113,"column":28},"end":{"line":113,"column":49}},"23":{"start":{"line":27,"column":13},"end":{"line":27,"column":29}}},"fnMap":{"0":{"name":"(anonymous_0)","decl":{"start":{"line":27,"column":29},"end":{"line":27,"column":32}},"loc":{"start":{"line":27,"column":34},"end":{"line":138,"column":1}}},"1":{"name":"(anonymous_1)","decl":{"start":{"line":39,"column":24},"end":{"line":39,"column":25}},"loc":{"start":{"line":39,"column":56},"end":{"line":47,"column":5}}},"2":{"name":"(anonymous_2)","decl":{"start":{"line":56,"column":21},"end":{"line":56,"column":24}},"loc":{"start":{"line":56,"column":26},"end":{"line":65,"column":5}}},"3":{"name":"(anonymous_3)","decl":{"start":{"line":112,"column":51},"end":{"line":112,"column":52}},"loc":{"start":{"line":113,"column":28},"end":{"line":113,"column":49}}}},"branchMap":{"0":{"loc":{"start":{"line":43,"column":8},"end":{"line":46,"column":9}},"type":"if","locations":[{"start":{"line":43,"column":8},"end":{"line":46,"column":9}},{"start":{},"end":{}}]},"1":{"loc":{"start":{"line":57,"column":8},"end":{"line":64,"column":9}},"type":"if","locations":[{"start":{"line":57,"column":8},"end":{"line":64,"column":9}},{"start":{},"end":{}}]},"2":{"loc":{"start":{"line":87,"column":21},"end":{"line":88,"column":null}},"type":"binary-expr","locations":[{"start":{"line":87,"column":21},"end":{"line":87,"column":42}},{"start":{"line":88,"column":24},"end":{"line":88,"column":74}}]},"3":{"loc":{"start":{"line":90,"column":21},"end":{"line":93,"column":null}},"type":"binary-expr","locations":[{"start":{"line":90,"column":21},"end":{"line":90,"column":53}},{"start":{"line":91,"column":24},"end":{"line":92,"column":null}}]},"4":{"loc":{"start":{"line":105,"column":21},"end":{"line":106,"column":null}},"type":"binary-expr","locations":[{"start":{"line":105,"column":21},"end":{"line":105,"column":45}},{"start":{"line":106,"column":24},"end":{"line":106,"column":77}}]},"5":{"loc":{"start":{"line":121,"column":21},"end":{"line":126,"column":null}},"type":"binary-expr","locations":[{"start":{"line":121,"column":21},"end":{"line":121,"column":69}},{"start":{"line":122,"column":24},"end":{"line":124,"column":null}}]}},"s":{"0":0,"1":0,"2":0,"3":0,"4":0,"5":0,"6":0,"7":0,"8":0,"9":0,"10":0,"11":0,"12":0,"13":0,"14":0,"15":0,"16":0,"17":0,"18":0,"19":0,"20":0,"21":0,"22":0,"23":0},"f":{"0":0,"1":0,"2":0,"3":0},"b":{"0":[0,0],"1":[0,0],"2":[0,0],"3":[0,0],"4":[0,0],"5":[0,0]}}
,"D:\\projects\\programming\\nestjs\\fantasy_eats_frontend_3\\src\\pages\\login.tsx": {"path":"D:\\projects\\programming\\nestjs\\fantasy_eats_frontend_3\\src\\pages\\login.tsx","statementMap":{"0":{"start":{"line":1,"column":0},"end":{"line":1,"column":62}},"1":{"start":{"line":2,"column":0},"end":{"line":2,"column":41}},"2":{"start":{"line":3,"column":0},"end":{"line":3,"column":39}},"3":{"start":{"line":4,"column":0},"end":{"line":4,"column":55}},"4":{"start":{"line":5,"column":0},"end":{"line":5,"column":45}},"5":{"start":{"line":6,"column":0},"end":{"line":6,"column":52}},"6":{"start":{"line":7,"column":0},"end":{"line":7,"column":49}},"7":{"start":{"line":18,"column":13},"end":{"line":26,"column":null}},"8":{"start":{"line":28,"column":21},"end":{"line":130,"column":1}},"9":{"start":{"line":30,"column":8},"end":{"line":32,"column":10}},"10":{"start":{"line":33,"column":23},"end":{"line":33,"column":32}},"11":{"start":{"line":35,"column":24},"end":{"line":45,"column":5}},"12":{"start":{"line":38,"column":12},"end":{"line":38,"column":16}},"13":{"start":{"line":40,"column":8},"end":{"line":44,"column":9}},"14":{"start":{"line":41,"column":12},"end":{"line":41,"column":null}},"15":{"start":{"line":42,"column":12},"end":{"line":42,"column":null}},"16":{"start":{"line":43,"column":12},"end":{"line":43,"column":null}},"17":{"start":{"line":46,"column":68},"end":{"line":51,"column":6}},"18":{"start":{"line":52,"column":21},"end":{"line":64,"column":5}},"19":{"start":{"line":53,"column":8},"end":{"line":63,"column":9}},"20":{"start":{"line":54,"column":40},"end":{"line":54,"column":51}},"21":{"start":{"line":55,"column":12},"end":{"line":62,"column":null}},"22":{"start":{"line":66,"column":4},"end":{"line":129,"column":null}},"23":{"start":{"line":28,"column":13},"end":{"line":28,"column":21}}},"fnMap":{"0":{"name":"(anonymous_0)","decl":{"start":{"line":28,"column":21},"end":{"line":28,"column":24}},"loc":{"start":{"line":28,"column":26},"end":{"line":130,"column":1}}},"1":{"name":"(anonymous_1)","decl":{"start":{"line":35,"column":24},"end":{"line":35,"column":25}},"loc":{"start":{"line":35,"column":48},"end":{"line":45,"column":5}}},"2":{"name":"(anonymous_2)","decl":{"start":{"line":52,"column":21},"end":{"line":52,"column":24}},"loc":{"start":{"line":52,"column":26},"end":{"line":64,"column":5}}}},"branchMap":{"0":{"loc":{"start":{"line":40,"column":8},"end":{"line":44,"column":9}},"type":"if","locations":[{"start":{"line":40,"column":8},"end":{"line":44,"column":9}},{"start":{},"end":{}}]},"1":{"loc":{"start":{"line":40,"column":12},"end":{"line":40,"column":23}},"type":"binary-expr","locations":[{"start":{"line":40,"column":12},"end":{"line":40,"column":14}},{"start":{"line":40,"column":18},"end":{"line":40,"column":23}}]},"2":{"loc":{"start":{"line":53,"column":8},"end":{"line":63,"column":9}},"type":"if","locations":[{"start":{"line":53,"column":8},"end":{"line":63,"column":9}},{"start":{},"end":{}}]},"3":{"loc":{"start":{"line":86,"column":21},"end":{"line":89,"column":null}},"type":"binary-expr","locations":[{"start":{"line":86,"column":21},"end":{"line":86,"column":53}},{"start":{"line":87,"column":24},"end":{"line":88,"column":null}}]},"4":{"loc":{"start":{"line":91,"column":21},"end":{"line":92,"column":null}},"type":"binary-expr","locations":[{"start":{"line":91,"column":21},"end":{"line":91,"column":42}},{"start":{"line":92,"column":24},"end":{"line":92,"column":74}}]},"5":{"loc":{"start":{"line":104,"column":21},"end":{"line":105,"column":null}},"type":"binary-expr","locations":[{"start":{"line":104,"column":21},"end":{"line":104,"column":45}},{"start":{"line":105,"column":24},"end":{"line":105,"column":77}}]},"6":{"loc":{"start":{"line":112,"column":21},"end":{"line":115,"column":null}},"type":"binary-expr","locations":[{"start":{"line":112,"column":21},"end":{"line":112,"column":53}},{"start":{"line":113,"column":24},"end":{"line":114,"column":null}}]}},"s":{"0":0,"1":0,"2":0,"3":0,"4":0,"5":0,"6":0,"7":0,"8":0,"9":0,"10":0,"11":0,"12":0,"13":0,"14":0,"15":0,"16":0,"17":0,"18":0,"19":0,"20":0,"21":0,"22":0,"23":0},"f":{"0":0,"1":0,"2":0},"b":{"0":[0,0],"1":[0,0],"2":[0,0],"3":[0,0],"4":[0,0],"5":[0,0],"6":[0,0]}}
,"D:\\projects\\programming\\nestjs\\fantasy_eats_frontend_3\\src\\pages\\client\\category.tsx": {"path":"D:\\projects\\programming\\nestjs\\fantasy_eats_frontend_3\\src\\pages\\client\\category.tsx","statementMap":{"0":{"start":{"line":1,"column":0},"end":{"line":1,"column":46}},"1":{"start":{"line":2,"column":0},"end":{"line":2,"column":44}},"2":{"start":{"line":3,"column":0},"end":{"line":3,"column":72}},"3":{"start":{"line":6,"column":23},"end":{"line":23,"column":null}},"4":{"start":{"line":29,"column":24},"end":{"line":44,"column":1}},"5":{"start":{"line":30,"column":19},"end":{"line":30,"column":47}},"6":{"start":{"line":31,"column":30},"end":{"line":40,"column":null}},"7":{"start":{"line":42,"column":4},"end":{"line":42,"column":null}},"8":{"start":{"line":43,"column":4},"end":{"line":43,"column":null}},"9":{"start":{"line":29,"column":13},"end":{"line":29,"column":24}}},"fnMap":{"0":{"name":"(anonymous_0)","decl":{"start":{"line":29,"column":24},"end":{"line":29,"column":27}},"loc":{"start":{"line":29,"column":29},"end":{"line":44,"column":1}}}},"branchMap":{},"s":{"0":0,"1":0,"2":0,"3":0,"4":0,"5":0,"6":0,"7":0,"8":0,"9":0},"f":{"0":0},"b":{}}
,"D:\\projects\\programming\\nestjs\\fantasy_eats_frontend_3\\src\\pages\\client\\restaurant.tsx": {"path":"D:\\projects\\programming\\nestjs\\fantasy_eats_frontend_3\\src\\pages\\client\\restaurant.tsx","statementMap":{"0":{"start":{"line":1,"column":0},"end":{"line":1,"column":46}},"1":{"start":{"line":2,"column":0},"end":{"line":2,"column":44}},"2":{"start":{"line":3,"column":0},"end":{"line":3,"column":53}},"3":{"start":{"line":6,"column":25},"end":{"line":17,"column":null}},"4":{"start":{"line":23,"column":26},"end":{"line":61,"column":1}},"5":{"start":{"line":24,"column":19},"end":{"line":24,"column":49}},"6":{"start":{"line":26,"column":30},"end":{"line":34,"column":null}},"7":{"start":{"line":36,"column":4},"end":{"line":60,"column":null}},"8":{"start":{"line":23,"column":13},"end":{"line":23,"column":26}}},"fnMap":{"0":{"name":"(anonymous_0)","decl":{"start":{"line":23,"column":26},"end":{"line":23,"column":29}},"loc":{"start":{"line":23,"column":31},"end":{"line":61,"column":1}}}},"branchMap":{"0":{"loc":{"start":{"line":39,"column":17},"end":{"line":39,"column":56}},"type":"binary-expr","locations":[{"start":{"line":39,"column":17},"end":{"line":39,"column":50}},{"start":{"line":39,"column":54},"end":{"line":39,"column":56}}]}},"s":{"0":0,"1":0,"2":0,"3":0,"4":0,"5":0,"6":0,"7":0,"8":0},"f":{"0":0},"b":{"0":[0,0]}}
,"D:\\projects\\programming\\nestjs\\fantasy_eats_frontend_3\\src\\pages\\client\\restaurants.tsx": {"path":"D:\\projects\\programming\\nestjs\\fantasy_eats_frontend_3\\src\\pages\\client\\restaurants.tsx","statementMap":{"0":{"start":{"line":1,"column":0},"end":{"line":1,"column":46}},"1":{"start":{"line":2,"column":0},"end":{"line":2,"column":32}},"2":{"start":{"line":3,"column":0},"end":{"line":3,"column":41}},"3":{"start":{"line":4,"column":0},"end":{"line":4,"column":51}},"4":{"start":{"line":5,"column":0},"end":{"line":5,"column":56}},"5":{"start":{"line":6,"column":0},"end":{"line":6,"column":72}},"6":{"start":{"line":12,"column":26},"end":{"line":33,"column":null}},"7":{"start":{"line":39,"column":27},"end":{"line":141,"column":1}},"8":{"start":{"line":40,"column":28},"end":{"line":40,"column":39}},"9":{"start":{"line":41,"column":30},"end":{"line":50,"column":6}},"10":{"start":{"line":52,"column":28},"end":{"line":52,"column":67}},"11":{"start":{"line":52,"column":34},"end":{"line":52,"column":67}},"12":{"start":{"line":52,"column":55},"end":{"line":52,"column":66}},"13":{"start":{"line":53,"column":28},"end":{"line":53,"column":67}},"14":{"start":{"line":53,"column":34},"end":{"line":53,"column":67}},"15":{"start":{"line":53,"column":55},"end":{"line":53,"column":66}},"16":{"start":{"line":55,"column":50},"end":{"line":55,"column":71}},"17":{"start":{"line":56,"column":20},"end":{"line":56,"column":32}},"18":{"start":{"line":57,"column":27},"end":{"line":63,"column":5}},"19":{"start":{"line":58,"column":31},"end":{"line":58,"column":42}},"20":{"start":{"line":59,"column":8},"end":{"line":62,"column":null}},"21":{"start":{"line":65,"column":4},"end":{"line":140,"column":null}},"22":{"start":{"line":84,"column":28},"end":{"line":85,"column":null}},"23":{"start":{"line":103,"column":28},"end":{"line":104,"column":null}},"24":{"start":{"line":39,"column":13},"end":{"line":39,"column":27}}},"fnMap":{"0":{"name":"(anonymous_0)","decl":{"start":{"line":39,"column":27},"end":{"line":39,"column":30}},"loc":{"start":{"line":39,"column":32},"end":{"line":141,"column":1}}},"1":{"name":"(anonymous_1)","decl":{"start":{"line":52,"column":28},"end":{"line":52,"column":31}},"loc":{"start":{"line":52,"column":34},"end":{"line":52,"column":67}}},"2":{"name":"(anonymous_2)","decl":{"start":{"line":52,"column":42},"end":{"line":52,"column":43}},"loc":{"start":{"line":52,"column":55},"end":{"line":52,"column":66}}},"3":{"name":"(anonymous_3)","decl":{"start":{"line":53,"column":28},"end":{"line":53,"column":31}},"loc":{"start":{"line":53,"column":34},"end":{"line":53,"column":67}}},"4":{"name":"(anonymous_4)","decl":{"start":{"line":53,"column":42},"end":{"line":53,"column":43}},"loc":{"start":{"line":53,"column":55},"end":{"line":53,"column":66}}},"5":{"name":"(anonymous_5)","decl":{"start":{"line":57,"column":27},"end":{"line":57,"column":30}},"loc":{"start":{"line":57,"column":32},"end":{"line":63,"column":5}}},"6":{"name":"(anonymous_6)","decl":{"start":{"line":83,"column":61},"end":{"line":83,"column":62}},"loc":{"start":{"line":84,"column":28},"end":{"line":85,"column":null}}},"7":{"name":"(anonymous_7)","decl":{"start":{"line":102,"column":56},"end":{"line":102,"column":57}},"loc":{"start":{"line":103,"column":28},"end":{"line":104,"column":null}}}},"branchMap":{"0":{"loc":{"start":{"line":80,"column":13},"end":{"line":137,"column":null}},"type":"binary-expr","locations":[{"start":{"line":80,"column":13},"end":{"line":80,"column":21}},{"start":{"line":81,"column":16},"end":{"line":136,"column":null}}]},"1":{"loc":{"start":{"line":113,"column":25},"end":{"line":121,"column":null}},"type":"cond-expr","locations":[{"start":{"line":114,"column":28},"end":{"line":116,"column":null}},{"start":{"line":121,"column":28},"end":{"line":121,"column":39}}]},"2":{"loc":{"start":{"line":126,"column":25},"end":{"line":134,"column":null}},"type":"cond-expr","locations":[{"start":{"line":127,"column":28},"end":{"line":129,"column":null}},{"start":{"line":134,"column":28},"end":{"line":134,"column":39}}]}},"s":{"0":0,"1":0,"2":0,"3":0,"4":0,"5":0,"6":0,"7":0,"8":0,"9":0,"10":0,"11":0,"12":0,"13":0,"14":0,"15":0,"16":0,"17":0,"18":0,"19":0,"20":0,"21":0,"22":0,"23":0,"24":0},"f":{"0":0,"1":0,"2":0,"3":0,"4":0,"5":0,"6":0,"7":0},"b":{"0":[0,0],"1":[0,0],"2":[0,0]}}
,"D:\\projects\\programming\\nestjs\\fantasy_eats_frontend_3\\src\\pages\\client\\search.tsx": {"path":"D:\\projects\\programming\\nestjs\\fantasy_eats_frontend_3\\src\\pages\\client\\search.tsx","statementMap":{"0":{"start":{"line":1,"column":0},"end":{"line":1,"column":50}},"1":{"start":{"line":2,"column":0},"end":{"line":2,"column":33}},"2":{"start":{"line":3,"column":0},"end":{"line":3,"column":58}},"3":{"start":{"line":4,"column":0},"end":{"line":4,"column":53}},"4":{"start":{"line":10,"column":26},"end":{"line":23,"column":null}},"5":{"start":{"line":25,"column":22},"end":{"line":52,"column":1}},"6":{"start":{"line":26,"column":21},"end":{"line":26,"column":34}},"7":{"start":{"line":27,"column":20},"end":{"line":27,"column":32}},"8":{"start":{"line":28,"column":51},"end":{"line":31,"column":24}},"9":{"start":{"line":32,"column":4},"end":{"line":45,"column":null}},"10":{"start":{"line":33,"column":27},"end":{"line":33,"column":58}},"11":{"start":{"line":34,"column":8},"end":{"line":36,"column":9}},"12":{"start":{"line":35,"column":12},"end":{"line":35,"column":null}},"13":{"start":{"line":37,"column":8},"end":{"line":44,"column":null}},"14":{"start":{"line":46,"column":4},"end":{"line":51,"column":null}},"15":{"start":{"line":25,"column":13},"end":{"line":25,"column":22}}},"fnMap":{"0":{"name":"(anonymous_0)","decl":{"start":{"line":25,"column":22},"end":{"line":25,"column":25}},"loc":{"start":{"line":25,"column":27},"end":{"line":52,"column":1}}},"1":{"name":"(anonymous_1)","decl":{"start":{"line":32,"column":14},"end":{"line":32,"column":17}},"loc":{"start":{"line":32,"column":19},"end":{"line":45,"column":5}}}},"branchMap":{"0":{"loc":{"start":{"line":34,"column":8},"end":{"line":36,"column":9}},"type":"if","locations":[{"start":{"line":34,"column":8},"end":{"line":36,"column":9}},{"start":{},"end":{}}]}},"s":{"0":0,"1":0,"2":0,"3":0,"4":0,"5":0,"6":0,"7":0,"8":0,"9":0,"10":0,"11":0,"12":0,"13":0,"14":0,"15":0},"f":{"0":0,"1":0},"b":{"0":[0,0]}}
,"D:\\projects\\programming\\nestjs\\fantasy_eats_frontend_3\\src\\pages\\user\\confirm-email.tsx": {"path":"D:\\projects\\programming\\nestjs\\fantasy_eats_frontend_3\\src\\pages\\user\\confirm-email.tsx","statementMap":{"0":{"start":{"line":1,"column":0},"end":{"line":1,"column":66}},"1":{"start":{"line":3,"column":0},"end":{"line":3,"column":33}},"2":{"start":{"line":4,"column":0},"end":{"line":4,"column":45}},"3":{"start":{"line":5,"column":0},"end":{"line":5,"column":41}},"4":{"start":{"line":11,"column":30},"end":{"line":18,"column":null}},"5":{"start":{"line":20,"column":28},"end":{"line":70,"column":1}},"6":{"start":{"line":21,"column":31},"end":{"line":21,"column":38}},"7":{"start":{"line":22,"column":19},"end":{"line":22,"column":36}},"8":{"start":{"line":23,"column":20},"end":{"line":23,"column":32}},"9":{"start":{"line":24,"column":24},"end":{"line":42,"column":5}},"10":{"start":{"line":27,"column":12},"end":{"line":27,"column":16}},"11":{"start":{"line":28,"column":8},"end":{"line":41,"column":9}},"12":{"start":{"line":29,"column":12},"end":{"line":39,"column":null}},"13":{"start":{"line":40,"column":12},"end":{"line":40,"column":null}},"14":{"start":{"line":44,"column":26},"end":{"line":48,"column":null}},"15":{"start":{"line":50,"column":4},"end":{"line":59,"column":null}},"16":{"start":{"line":51,"column":26},"end":{"line":51,"column":61}},"17":{"start":{"line":52,"column":8},"end":{"line":58,"column":null}},"18":{"start":{"line":61,"column":4},"end":{"line":69,"column":null}},"19":{"start":{"line":20,"column":13},"end":{"line":20,"column":28}}},"fnMap":{"0":{"name":"(anonymous_0)","decl":{"start":{"line":20,"column":28},"end":{"line":20,"column":31}},"loc":{"start":{"line":20,"column":33},"end":{"line":70,"column":1}}},"1":{"name":"(anonymous_1)","decl":{"start":{"line":24,"column":24},"end":{"line":24,"column":25}},"loc":{"start":{"line":24,"column":46},"end":{"line":42,"column":5}}},"2":{"name":"(anonymous_2)","decl":{"start":{"line":50,"column":14},"end":{"line":50,"column":17}},"loc":{"start":{"line":50,"column":19},"end":{"line":59,"column":5}}}},"branchMap":{"0":{"loc":{"start":{"line":28,"column":8},"end":{"line":41,"column":9}},"type":"if","locations":[{"start":{"line":28,"column":8},"end":{"line":41,"column":9}},{"start":{},"end":{}}]},"1":{"loc":{"start":{"line":28,"column":12},"end":{"line":28,"column":33}},"type":"binary-expr","locations":[{"start":{"line":28,"column":12},"end":{"line":28,"column":14}},{"start":{"line":28,"column":18},"end":{"line":28,"column":33}}]}},"s":{"0":0,"1":0,"2":0,"3":0,"4":0,"5":0,"6":0,"7":0,"8":0,"9":0,"10":0,"11":0,"12":0,"13":0,"14":0,"15":0,"16":0,"17":0,"18":0,"19":0},"f":{"0":0,"1":0,"2":0},"b":{"0":[0,0],"1":[0,0]}}
,"D:\\projects\\programming\\nestjs\\fantasy_eats_frontend_3\\src\\pages\\user\\edit-profile.tsx": {"path":"D:\\projects\\programming\\nestjs\\fantasy_eats_frontend_3\\src\\pages\\user\\edit-profile.tsx","statementMap":{"0":{"start":{"line":1,"column":0},"end":{"line":1,"column":66}},"1":{"start":{"line":2,"column":0},"end":{"line":2,"column":25}},"2":{"start":{"line":4,"column":0},"end":{"line":4,"column":41}},"3":{"start":{"line":5,"column":0},"end":{"line":5,"column":48}},"4":{"start":{"line":6,"column":0},"end":{"line":6,"column":41}},"5":{"start":{"line":12,"column":30},"end":{"line":19,"column":null}},"6":{"start":{"line":26,"column":27},"end":{"line":112,"column":1}},"7":{"start":{"line":27,"column":31},"end":{"line":27,"column":38}},"8":{"start":{"line":28,"column":19},"end":{"line":28,"column":36}},"9":{"start":{"line":29,"column":24},"end":{"line":54,"column":5}},"10":{"start":{"line":32,"column":12},"end":{"line":32,"column":16}},"11":{"start":{"line":33,"column":8},"end":{"line":53,"column":9}},"12":{"start":{"line":36,"column":16},"end":{"line":36,"column":24}},"13":{"start":{"line":37,"column":40},"end":{"line":37,"column":51}},"14":{"start":{"line":38,"column":12},"end":{"line":52,"column":13}},"15":{"start":{"line":39,"column":16},"end":{"line":51,"column":null}},"16":{"start":{"line":55,"column":39},"end":{"line":60,"column":6}},"17":{"start":{"line":62,"column":8},"end":{"line":67,"column":10}},"18":{"start":{"line":68,"column":21},"end":{"line":78,"column":5}},"19":{"start":{"line":69,"column":36},"end":{"line":69,"column":47}},"20":{"start":{"line":70,"column":8},"end":{"line":77,"column":null}},"21":{"start":{"line":79,"column":4},"end":{"line":111,"column":null}},"22":{"start":{"line":26,"column":13},"end":{"line":26,"column":27}}},"fnMap":{"0":{"name":"(anonymous_1)","decl":{"start":{"line":26,"column":27},"end":{"line":26,"column":30}},"loc":{"start":{"line":26,"column":32},"end":{"line":112,"column":1}}},"1":{"name":"(anonymous_2)","decl":{"start":{"line":29,"column":24},"end":{"line":29,"column":25}},"loc":{"start":{"line":29,"column":46},"end":{"line":54,"column":5}}},"2":{"name":"(anonymous_3)","decl":{"start":{"line":68,"column":21},"end":{"line":68,"column":24}},"loc":{"start":{"line":68,"column":26},"end":{"line":78,"column":5}}}},"branchMap":{"0":{"loc":{"start":{"line":33,"column":8},"end":{"line":53,"column":9}},"type":"if","locations":[{"start":{"line":33,"column":8},"end":{"line":53,"column":9}},{"start":{},"end":{}}]},"1":{"loc":{"start":{"line":33,"column":12},"end":{"line":33,"column":26}},"type":"binary-expr","locations":[{"start":{"line":33,"column":12},"end":{"line":33,"column":14}},{"start":{"line":33,"column":18},"end":{"line":33,"column":26}}]},"2":{"loc":{"start":{"line":38,"column":12},"end":{"line":52,"column":13}},"type":"if","locations":[{"start":{"line":38,"column":12},"end":{"line":52,"column":13}},{"start":{},"end":{}}]},"3":{"loc":{"start":{"line":74,"column":24},"end":{"line":74,"column":55}},"type":"binary-expr","locations":[{"start":{"line":74,"column":24},"end":{"line":74,"column":39}},{"start":{"line":74,"column":43},"end":{"line":74,"column":55}}]}},"s":{"0":0,"1":0,"2":0,"3":0,"4":0,"5":0,"6":0,"7":0,"8":0,"9":0,"10":0,"11":0,"12":0,"13":0,"14":0,"15":0,"16":0,"17":0,"18":0,"19":0,"20":0,"21":0,"22":0},"f":{"0":0,"1":0,"2":0},"b":{"0":[0,0],"1":[0,0],"2":[0,0],"3":[0,0]}}
,"D:\\projects\\programming\\nestjs\\fantasy_eats_frontend_3\\src\\routers\\logged-in-router.tsx": {"path":"D:\\projects\\programming\\nestjs\\fantasy_eats_frontend_3\\src\\routers\\logged-in-router.tsx","statementMap":{"0":{"start":{"line":1,"column":0},"end":{"line":1,"column":73}},"1":{"start":{"line":2,"column":0},"end":{"line":2,"column":45}},"2":{"start":{"line":3,"column":0},"end":{"line":3,"column":38}},"3":{"start":{"line":4,"column":0},"end":{"line":4,"column":39}},"4":{"start":{"line":5,"column":0},"end":{"line":5,"column":51}},"5":{"start":{"line":6,"column":0},"end":{"line":6,"column":55}},"6":{"start":{"line":7,"column":0},"end":{"line":7,"column":57}},"7":{"start":{"line":8,"column":0},"end":{"line":8,"column":47}},"8":{"start":{"line":9,"column":0},"end":{"line":9,"column":58}},"9":{"start":{"line":10,"column":0},"end":{"line":10,"column":56}},"10":{"start":{"line":12,"column":21},"end":{"line":32,"column":null}},"11":{"start":{"line":13,"column":4},"end":{"line":31,"column":null}},"12":{"start":{"line":35,"column":30},"end":{"line":58,"column":1}},"13":{"start":{"line":36,"column":37},"end":{"line":36,"column":44}},"14":{"start":{"line":37,"column":4},"end":{"line":45,"column":5}},"15":{"start":{"line":38,"column":8},"end":{"line":44,"column":null}},"16":{"start":{"line":47,"column":4},"end":{"line":57,"column":null}},"17":{"start":{"line":35,"column":13},"end":{"line":35,"column":30}}},"fnMap":{"0":{"name":"(anonymous_0)","decl":{"start":{"line":12,"column":21},"end":{"line":12,"column":24}},"loc":{"start":{"line":13,"column":4},"end":{"line":31,"column":null}}},"1":{"name":"(anonymous_1)","decl":{"start":{"line":35,"column":30},"end":{"line":35,"column":33}},"loc":{"start":{"line":35,"column":35},"end":{"line":58,"column":1}}}},"branchMap":{"0":{"loc":{"start":{"line":37,"column":4},"end":{"line":45,"column":5}},"type":"if","locations":[{"start":{"line":37,"column":4},"end":{"line":45,"column":5}},{"start":{},"end":{}}]},"1":{"loc":{"start":{"line":37,"column":8},"end":{"line":37,"column":33}},"type":"binary-expr","locations":[{"start":{"line":37,"column":8},"end":{"line":37,"column":13}},{"start":{"line":37,"column":17},"end":{"line":37,"column":24}},{"start":{"line":37,"column":28},"end":{"line":37,"column":33}}]},"2":{"loc":{"start":{"line":51,"column":17},"end":{"line":51,"column":62}},"type":"binary-expr","locations":[{"start":{"line":51,"column":17},"end":{"line":51,"column":42}},{"start":{"line":51,"column":46},"end":{"line":51,"column":62}}]}},"s":{"0":0,"1":0,"2":0,"3":0,"4":0,"5":0,"6":0,"7":0,"8":0,"9":0,"10":0,"11":0,"12":0,"13":0,"14":0,"15":0,"16":0,"17":0},"f":{"0":0,"1":0},"b":{"0":[0,0],"1":[0,0,0],"2":[0,0]}}
,"D:\\projects\\programming\\nestjs\\fantasy_eats_frontend_3\\src\\routers\\logged-out-router.tsx": {"path":"D:\\projects\\programming\\nestjs\\fantasy_eats_frontend_3\\src\\routers\\logged-out-router.tsx","statementMap":{"0":{"start":{"line":1,"column":0},"end":{"line":1,"column":73}},"1":{"start":{"line":2,"column":0},"end":{"line":2,"column":39}},"2":{"start":{"line":3,"column":0},"end":{"line":3,"column":55}},"3":{"start":{"line":4,"column":0},"end":{"line":4,"column":38}},"4":{"start":{"line":6,"column":31},"end":{"line":22,"column":1}},"5":{"start":{"line":7,"column":4},"end":{"line":21,"column":null}},"6":{"start":{"line":6,"column":13},"end":{"line":6,"column":31}}},"fnMap":{"0":{"name":"(anonymous_0)","decl":{"start":{"line":6,"column":31},"end":{"line":6,"column":34}},"loc":{"start":{"line":6,"column":36},"end":{"line":22,"column":1}}}},"branchMap":{},"s":{"0":0,"1":0,"2":0,"3":0,"4":0,"5":0,"6":0},"f":{"0":0},"b":{}}
}
